[06-Oct-2017 20:18:19 America/Sao_Paulo] PHP Warning:  require_once(ABSPATH/api/util/log/logentries.php): failed to open stream: No such file or directory in /home/ubuntu/workspace/api/config.php on line 18
[06-Oct-2017 20:18:19 America/Sao_Paulo] PHP Stack trace:
[06-Oct-2017 20:18:19 America/Sao_Paulo] PHP   1. {main}() /home/ubuntu/workspace/api/index.php:0
[06-Oct-2017 20:18:19 America/Sao_Paulo] PHP   2. require_once() /home/ubuntu/workspace/api/index.php:6
[06-Oct-2017 20:18:19 America/Sao_Paulo] PHP   3. require_once() /home/ubuntu/workspace/api/includes.php:3
[06-Oct-2017 20:18:19 America/Sao_Paulo] PHP Fatal error:  require_once(): Failed opening required 'ABSPATH/api/util/log/logentries.php' (include_path='.:/usr/share/php:/usr/share/pear') in /home/ubuntu/workspace/api/config.php on line 18
[06-Oct-2017 20:18:19 America/Sao_Paulo] PHP Stack trace:
[06-Oct-2017 20:18:19 America/Sao_Paulo] PHP   1. {main}() /home/ubuntu/workspace/api/index.php:0
[06-Oct-2017 20:18:19 America/Sao_Paulo] PHP   2. require_once() /home/ubuntu/workspace/api/index.php:6
[06-Oct-2017 20:18:19 America/Sao_Paulo] PHP   3. require_once() /home/ubuntu/workspace/api/includes.php:3
[06-Oct-2017 20:19:44 America/Sao_Paulo] PHP Warning:  require_once(ABSPATH/api/util/log/logentries.php): failed to open stream: No such file or directory in /home/ubuntu/workspace/api/config.php on line 18
[06-Oct-2017 20:19:44 America/Sao_Paulo] PHP Stack trace:
[06-Oct-2017 20:19:44 America/Sao_Paulo] PHP   1. {main}() /home/ubuntu/workspace/api/index.php:0
[06-Oct-2017 20:19:44 America/Sao_Paulo] PHP   2. require_once() /home/ubuntu/workspace/api/index.php:6
[06-Oct-2017 20:19:44 America/Sao_Paulo] PHP   3. require_once() /home/ubuntu/workspace/api/includes.php:3
[06-Oct-2017 20:19:44 America/Sao_Paulo] PHP Fatal error:  require_once(): Failed opening required 'ABSPATH/api/util/log/logentries.php' (include_path='.:/usr/share/php:/usr/share/pear') in /home/ubuntu/workspace/api/config.php on line 18
[06-Oct-2017 20:19:44 America/Sao_Paulo] PHP Stack trace:
[06-Oct-2017 20:19:44 America/Sao_Paulo] PHP   1. {main}() /home/ubuntu/workspace/api/index.php:0
[06-Oct-2017 20:19:44 America/Sao_Paulo] PHP   2. require_once() /home/ubuntu/workspace/api/index.php:6
[06-Oct-2017 20:19:44 America/Sao_Paulo] PHP   3. require_once() /home/ubuntu/workspace/api/includes.php:3
[06-Oct-2017 20:19:45 America/Sao_Paulo] PHP Warning:  require_once(ABSPATH/api/util/log/logentries.php): failed to open stream: No such file or directory in /home/ubuntu/workspace/api/config.php on line 18
[06-Oct-2017 20:19:45 America/Sao_Paulo] PHP Stack trace:
[06-Oct-2017 20:19:45 America/Sao_Paulo] PHP   1. {main}() /home/ubuntu/workspace/api/index.php:0
[06-Oct-2017 20:19:45 America/Sao_Paulo] PHP   2. require_once() /home/ubuntu/workspace/api/index.php:6
[06-Oct-2017 20:19:45 America/Sao_Paulo] PHP   3. require_once() /home/ubuntu/workspace/api/includes.php:3
[06-Oct-2017 20:19:45 America/Sao_Paulo] PHP Fatal error:  require_once(): Failed opening required 'ABSPATH/api/util/log/logentries.php' (include_path='.:/usr/share/php:/usr/share/pear') in /home/ubuntu/workspace/api/config.php on line 18
[06-Oct-2017 20:19:45 America/Sao_Paulo] PHP Stack trace:
[06-Oct-2017 20:19:45 America/Sao_Paulo] PHP   1. {main}() /home/ubuntu/workspace/api/index.php:0
[06-Oct-2017 20:19:45 America/Sao_Paulo] PHP   2. require_once() /home/ubuntu/workspace/api/index.php:6
[06-Oct-2017 20:19:45 America/Sao_Paulo] PHP   3. require_once() /home/ubuntu/workspace/api/includes.php:3
[06-Oct-2017 20:19:48 America/Sao_Paulo] PHP Warning:  require_once(ABSPATH/api/util/log/logentries.php): failed to open stream: No such file or directory in /home/ubuntu/workspace/api/config.php on line 18
[06-Oct-2017 20:19:48 America/Sao_Paulo] PHP Stack trace:
[06-Oct-2017 20:19:48 America/Sao_Paulo] PHP   1. {main}() /home/ubuntu/workspace/api/index.php:0
[06-Oct-2017 20:19:48 America/Sao_Paulo] PHP   2. require_once() /home/ubuntu/workspace/api/index.php:6
[06-Oct-2017 20:19:48 America/Sao_Paulo] PHP   3. require_once() /home/ubuntu/workspace/api/includes.php:3
[06-Oct-2017 20:19:48 America/Sao_Paulo] PHP Fatal error:  require_once(): Failed opening required 'ABSPATH/api/util/log/logentries.php' (include_path='.:/usr/share/php:/usr/share/pear') in /home/ubuntu/workspace/api/config.php on line 18
[06-Oct-2017 20:19:48 America/Sao_Paulo] PHP Stack trace:
[06-Oct-2017 20:19:48 America/Sao_Paulo] PHP   1. {main}() /home/ubuntu/workspace/api/index.php:0
[06-Oct-2017 20:19:48 America/Sao_Paulo] PHP   2. require_once() /home/ubuntu/workspace/api/index.php:6
[06-Oct-2017 20:19:48 America/Sao_Paulo] PHP   3. require_once() /home/ubuntu/workspace/api/includes.php:3
[06-Oct-2017 20:19:49 America/Sao_Paulo] PHP Warning:  require_once(ABSPATH/api/util/log/logentries.php): failed to open stream: No such file or directory in /home/ubuntu/workspace/api/config.php on line 18
[06-Oct-2017 20:19:49 America/Sao_Paulo] PHP Stack trace:
[06-Oct-2017 20:19:49 America/Sao_Paulo] PHP   1. {main}() /home/ubuntu/workspace/api/index.php:0
[06-Oct-2017 20:19:49 America/Sao_Paulo] PHP   2. require_once() /home/ubuntu/workspace/api/index.php:6
[06-Oct-2017 20:19:49 America/Sao_Paulo] PHP   3. require_once() /home/ubuntu/workspace/api/includes.php:3
[06-Oct-2017 20:19:49 America/Sao_Paulo] PHP Fatal error:  require_once(): Failed opening required 'ABSPATH/api/util/log/logentries.php' (include_path='.:/usr/share/php:/usr/share/pear') in /home/ubuntu/workspace/api/config.php on line 18
[06-Oct-2017 20:19:49 America/Sao_Paulo] PHP Stack trace:
[06-Oct-2017 20:19:49 America/Sao_Paulo] PHP   1. {main}() /home/ubuntu/workspace/api/index.php:0
[06-Oct-2017 20:19:49 America/Sao_Paulo] PHP   2. require_once() /home/ubuntu/workspace/api/index.php:6
[06-Oct-2017 20:19:49 America/Sao_Paulo] PHP   3. require_once() /home/ubuntu/workspace/api/includes.php:3
[06-Oct-2017 20:19:52 America/Sao_Paulo] PHP Warning:  require_once(ABSPATH/api/util/log/logentries.php): failed to open stream: No such file or directory in /home/ubuntu/workspace/api/config.php on line 18
[06-Oct-2017 20:19:52 America/Sao_Paulo] PHP Stack trace:
[06-Oct-2017 20:19:52 America/Sao_Paulo] PHP   1. {main}() /home/ubuntu/workspace/api/index.php:0
[06-Oct-2017 20:19:52 America/Sao_Paulo] PHP   2. require_once() /home/ubuntu/workspace/api/index.php:6
[06-Oct-2017 20:19:52 America/Sao_Paulo] PHP   3. require_once() /home/ubuntu/workspace/api/includes.php:3
[06-Oct-2017 20:19:52 America/Sao_Paulo] PHP Fatal error:  require_once(): Failed opening required 'ABSPATH/api/util/log/logentries.php' (include_path='.:/usr/share/php:/usr/share/pear') in /home/ubuntu/workspace/api/config.php on line 18
[06-Oct-2017 20:19:52 America/Sao_Paulo] PHP Stack trace:
[06-Oct-2017 20:19:52 America/Sao_Paulo] PHP   1. {main}() /home/ubuntu/workspace/api/index.php:0
[06-Oct-2017 20:19:52 America/Sao_Paulo] PHP   2. require_once() /home/ubuntu/workspace/api/index.php:6
[06-Oct-2017 20:19:52 America/Sao_Paulo] PHP   3. require_once() /home/ubuntu/workspace/api/includes.php:3
[06-Oct-2017 20:19:53 America/Sao_Paulo] PHP Warning:  require_once(ABSPATH/api/util/log/logentries.php): failed to open stream: No such file or directory in /home/ubuntu/workspace/api/config.php on line 18
[06-Oct-2017 20:19:53 America/Sao_Paulo] PHP Stack trace:
[06-Oct-2017 20:19:53 America/Sao_Paulo] PHP   1. {main}() /home/ubuntu/workspace/api/index.php:0
[06-Oct-2017 20:19:53 America/Sao_Paulo] PHP   2. require_once() /home/ubuntu/workspace/api/index.php:6
[06-Oct-2017 20:19:53 America/Sao_Paulo] PHP   3. require_once() /home/ubuntu/workspace/api/includes.php:3
[06-Oct-2017 20:19:53 America/Sao_Paulo] PHP Fatal error:  require_once(): Failed opening required 'ABSPATH/api/util/log/logentries.php' (include_path='.:/usr/share/php:/usr/share/pear') in /home/ubuntu/workspace/api/config.php on line 18
[06-Oct-2017 20:19:53 America/Sao_Paulo] PHP Stack trace:
[06-Oct-2017 20:19:53 America/Sao_Paulo] PHP   1. {main}() /home/ubuntu/workspace/api/index.php:0
[06-Oct-2017 20:19:53 America/Sao_Paulo] PHP   2. require_once() /home/ubuntu/workspace/api/index.php:6
[06-Oct-2017 20:19:53 America/Sao_Paulo] PHP   3. require_once() /home/ubuntu/workspace/api/includes.php:3
[06-Oct-2017 20:19:54 America/Sao_Paulo] PHP Warning:  require_once(ABSPATH/api/util/log/logentries.php): failed to open stream: No such file or directory in /home/ubuntu/workspace/api/config.php on line 18
[06-Oct-2017 20:19:54 America/Sao_Paulo] PHP Stack trace:
[06-Oct-2017 20:19:54 America/Sao_Paulo] PHP   1. {main}() /home/ubuntu/workspace/api/index.php:0
[06-Oct-2017 20:19:54 America/Sao_Paulo] PHP   2. require_once() /home/ubuntu/workspace/api/index.php:6
[06-Oct-2017 20:19:54 America/Sao_Paulo] PHP   3. require_once() /home/ubuntu/workspace/api/includes.php:3
[06-Oct-2017 20:19:54 America/Sao_Paulo] PHP Fatal error:  require_once(): Failed opening required 'ABSPATH/api/util/log/logentries.php' (include_path='.:/usr/share/php:/usr/share/pear') in /home/ubuntu/workspace/api/config.php on line 18
[06-Oct-2017 20:19:54 America/Sao_Paulo] PHP Stack trace:
[06-Oct-2017 20:19:54 America/Sao_Paulo] PHP   1. {main}() /home/ubuntu/workspace/api/index.php:0
[06-Oct-2017 20:19:54 America/Sao_Paulo] PHP   2. require_once() /home/ubuntu/workspace/api/index.php:6
[06-Oct-2017 20:19:54 America/Sao_Paulo] PHP   3. require_once() /home/ubuntu/workspace/api/includes.php:3
[06-Oct-2017 20:19:54 America/Sao_Paulo] PHP Warning:  require_once(ABSPATH/api/util/log/logentries.php): failed to open stream: No such file or directory in /home/ubuntu/workspace/api/config.php on line 18
[06-Oct-2017 20:19:54 America/Sao_Paulo] PHP Stack trace:
[06-Oct-2017 20:19:54 America/Sao_Paulo] PHP   1. {main}() /home/ubuntu/workspace/api/index.php:0
[06-Oct-2017 20:19:54 America/Sao_Paulo] PHP   2. require_once() /home/ubuntu/workspace/api/index.php:6
[06-Oct-2017 20:19:54 America/Sao_Paulo] PHP   3. require_once() /home/ubuntu/workspace/api/includes.php:3
[06-Oct-2017 20:19:54 America/Sao_Paulo] PHP Fatal error:  require_once(): Failed opening required 'ABSPATH/api/util/log/logentries.php' (include_path='.:/usr/share/php:/usr/share/pear') in /home/ubuntu/workspace/api/config.php on line 18
[06-Oct-2017 20:19:54 America/Sao_Paulo] PHP Stack trace:
[06-Oct-2017 20:19:54 America/Sao_Paulo] PHP   1. {main}() /home/ubuntu/workspace/api/index.php:0
[06-Oct-2017 20:19:54 America/Sao_Paulo] PHP   2. require_once() /home/ubuntu/workspace/api/index.php:6
[06-Oct-2017 20:19:54 America/Sao_Paulo] PHP   3. require_once() /home/ubuntu/workspace/api/includes.php:3
[06-Oct-2017 20:19:57 America/Sao_Paulo] PHP Warning:  require_once(ABSPATH/api/util/log/logentries.php): failed to open stream: No such file or directory in /home/ubuntu/workspace/api/config.php on line 18
[06-Oct-2017 20:19:57 America/Sao_Paulo] PHP Stack trace:
[06-Oct-2017 20:19:57 America/Sao_Paulo] PHP   1. {main}() /home/ubuntu/workspace/api/index.php:0
[06-Oct-2017 20:19:57 America/Sao_Paulo] PHP   2. require_once() /home/ubuntu/workspace/api/index.php:6
[06-Oct-2017 20:19:57 America/Sao_Paulo] PHP   3. require_once() /home/ubuntu/workspace/api/includes.php:3
[06-Oct-2017 20:19:57 America/Sao_Paulo] PHP Fatal error:  require_once(): Failed opening required 'ABSPATH/api/util/log/logentries.php' (include_path='.:/usr/share/php:/usr/share/pear') in /home/ubuntu/workspace/api/config.php on line 18
[06-Oct-2017 20:19:57 America/Sao_Paulo] PHP Stack trace:
[06-Oct-2017 20:19:57 America/Sao_Paulo] PHP   1. {main}() /home/ubuntu/workspace/api/index.php:0
[06-Oct-2017 20:19:57 America/Sao_Paulo] PHP   2. require_once() /home/ubuntu/workspace/api/index.php:6
[06-Oct-2017 20:19:57 America/Sao_Paulo] PHP   3. require_once() /home/ubuntu/workspace/api/includes.php:3
[06-Oct-2017 20:20:00 America/Sao_Paulo] PHP Warning:  require_once(ABSPATH/api/util/log/logentries.php): failed to open stream: No such file or directory in /home/ubuntu/workspace/api/config.php on line 18
[06-Oct-2017 20:20:00 America/Sao_Paulo] PHP Stack trace:
[06-Oct-2017 20:20:00 America/Sao_Paulo] PHP   1. {main}() /home/ubuntu/workspace/api/index.php:0
[06-Oct-2017 20:20:00 America/Sao_Paulo] PHP   2. require_once() /home/ubuntu/workspace/api/index.php:6
[06-Oct-2017 20:20:00 America/Sao_Paulo] PHP   3. require_once() /home/ubuntu/workspace/api/includes.php:3
[06-Oct-2017 20:20:00 America/Sao_Paulo] PHP Fatal error:  require_once(): Failed opening required 'ABSPATH/api/util/log/logentries.php' (include_path='.:/usr/share/php:/usr/share/pear') in /home/ubuntu/workspace/api/config.php on line 18
[06-Oct-2017 20:20:00 America/Sao_Paulo] PHP Stack trace:
[06-Oct-2017 20:20:00 America/Sao_Paulo] PHP   1. {main}() /home/ubuntu/workspace/api/index.php:0
[06-Oct-2017 20:20:00 America/Sao_Paulo] PHP   2. require_once() /home/ubuntu/workspace/api/index.php:6
[06-Oct-2017 20:20:00 America/Sao_Paulo] PHP   3. require_once() /home/ubuntu/workspace/api/includes.php:3
[06-Oct-2017 20:20:07 America/Sao_Paulo] PHP Warning:  require_once(ABSPATH/api/util/log/logentries.php): failed to open stream: No such file or directory in /home/ubuntu/workspace/api/config.php on line 18
[06-Oct-2017 20:20:07 America/Sao_Paulo] PHP Stack trace:
[06-Oct-2017 20:20:07 America/Sao_Paulo] PHP   1. {main}() /home/ubuntu/workspace/api/index.php:0
[06-Oct-2017 20:20:07 America/Sao_Paulo] PHP   2. require_once() /home/ubuntu/workspace/api/index.php:6
[06-Oct-2017 20:20:07 America/Sao_Paulo] PHP   3. require_once() /home/ubuntu/workspace/api/includes.php:3
[06-Oct-2017 20:20:07 America/Sao_Paulo] PHP Fatal error:  require_once(): Failed opening required 'ABSPATH/api/util/log/logentries.php' (include_path='.:/usr/share/php:/usr/share/pear') in /home/ubuntu/workspace/api/config.php on line 18
[06-Oct-2017 20:20:07 America/Sao_Paulo] PHP Stack trace:
[06-Oct-2017 20:20:07 America/Sao_Paulo] PHP   1. {main}() /home/ubuntu/workspace/api/index.php:0
[06-Oct-2017 20:20:07 America/Sao_Paulo] PHP   2. require_once() /home/ubuntu/workspace/api/index.php:6
[06-Oct-2017 20:20:07 America/Sao_Paulo] PHP   3. require_once() /home/ubuntu/workspace/api/includes.php:3
[06-Oct-2017 20:20:07 America/Sao_Paulo] PHP Warning:  require_once(ABSPATH/api/util/log/logentries.php): failed to open stream: No such file or directory in /home/ubuntu/workspace/api/config.php on line 18
[06-Oct-2017 20:20:07 America/Sao_Paulo] PHP Stack trace:
[06-Oct-2017 20:20:07 America/Sao_Paulo] PHP   1. {main}() /home/ubuntu/workspace/api/index.php:0
[06-Oct-2017 20:20:07 America/Sao_Paulo] PHP   2. require_once() /home/ubuntu/workspace/api/index.php:6
[06-Oct-2017 20:20:07 America/Sao_Paulo] PHP   3. require_once() /home/ubuntu/workspace/api/includes.php:3
[06-Oct-2017 20:20:07 America/Sao_Paulo] PHP Fatal error:  require_once(): Failed opening required 'ABSPATH/api/util/log/logentries.php' (include_path='.:/usr/share/php:/usr/share/pear') in /home/ubuntu/workspace/api/config.php on line 18
[06-Oct-2017 20:20:07 America/Sao_Paulo] PHP Stack trace:
[06-Oct-2017 20:20:07 America/Sao_Paulo] PHP   1. {main}() /home/ubuntu/workspace/api/index.php:0
[06-Oct-2017 20:20:07 America/Sao_Paulo] PHP   2. require_once() /home/ubuntu/workspace/api/index.php:6
[06-Oct-2017 20:20:07 America/Sao_Paulo] PHP   3. require_once() /home/ubuntu/workspace/api/includes.php:3
[06-Oct-2017 20:20:10 America/Sao_Paulo] PHP Warning:  require_once(ABSPATH/api/util/log/logentries.php): failed to open stream: No such file or directory in /home/ubuntu/workspace/api/config.php on line 18
[06-Oct-2017 20:20:10 America/Sao_Paulo] PHP Stack trace:
[06-Oct-2017 20:20:10 America/Sao_Paulo] PHP   1. {main}() /home/ubuntu/workspace/api/index.php:0
[06-Oct-2017 20:20:10 America/Sao_Paulo] PHP   2. require_once() /home/ubuntu/workspace/api/index.php:6
[06-Oct-2017 20:20:10 America/Sao_Paulo] PHP   3. require_once() /home/ubuntu/workspace/api/includes.php:3
[06-Oct-2017 20:20:10 America/Sao_Paulo] PHP Fatal error:  require_once(): Failed opening required 'ABSPATH/api/util/log/logentries.php' (include_path='.:/usr/share/php:/usr/share/pear') in /home/ubuntu/workspace/api/config.php on line 18
[06-Oct-2017 20:20:10 America/Sao_Paulo] PHP Stack trace:
[06-Oct-2017 20:20:10 America/Sao_Paulo] PHP   1. {main}() /home/ubuntu/workspace/api/index.php:0
[06-Oct-2017 20:20:10 America/Sao_Paulo] PHP   2. require_once() /home/ubuntu/workspace/api/index.php:6
[06-Oct-2017 20:20:10 America/Sao_Paulo] PHP   3. require_once() /home/ubuntu/workspace/api/includes.php:3
[06-Oct-2017 20:20:59 America/Sao_Paulo] PHP Warning:  require_once(ABSPATHutil/log/logentries.php): failed to open stream: No such file or directory in /home/ubuntu/workspace/api/config.php on line 18
[06-Oct-2017 20:20:59 America/Sao_Paulo] PHP Stack trace:
[06-Oct-2017 20:20:59 America/Sao_Paulo] PHP   1. {main}() /home/ubuntu/workspace/api/index.php:0
[06-Oct-2017 20:20:59 America/Sao_Paulo] PHP   2. require_once() /home/ubuntu/workspace/api/index.php:6
[06-Oct-2017 20:20:59 America/Sao_Paulo] PHP   3. require_once() /home/ubuntu/workspace/api/includes.php:3
[06-Oct-2017 20:20:59 America/Sao_Paulo] PHP Fatal error:  require_once(): Failed opening required 'ABSPATHutil/log/logentries.php' (include_path='.:/usr/share/php:/usr/share/pear') in /home/ubuntu/workspace/api/config.php on line 18
[06-Oct-2017 20:20:59 America/Sao_Paulo] PHP Stack trace:
[06-Oct-2017 20:20:59 America/Sao_Paulo] PHP   1. {main}() /home/ubuntu/workspace/api/index.php:0
[06-Oct-2017 20:20:59 America/Sao_Paulo] PHP   2. require_once() /home/ubuntu/workspace/api/index.php:6
[06-Oct-2017 20:20:59 America/Sao_Paulo] PHP   3. require_once() /home/ubuntu/workspace/api/includes.php:3
